Exporter version: 6.4.1, Blender version: 2.82 (sub 7)
========= Conversion from Blender to Babylon.js =========
	Scene settings used :
		Inline textures     :  false
		Material Type       :  PBR
		Positions Precision :  4
		Normals Precision   :  3
		UVs Precision       :  3
		Vert Color Precision:  3
		Mat Weight Precision:  2
		Keep Z-up r-handed  :  no
		Texture directory   :  /Users/diegemiere/Documents/Sites/Threejs/models/
	Python World class constructor completed
	WARNING: No active camera has been assigned, or is not in a currently selected Blender layer
	processing begun of mesh:  MIN#5.001_Mesh_16.003
		processing begun of material:  Material.002
			processing texture Image_7
				WARNING: Exception during copy:
					'/Users/diegemiere/Documents/Sites/Threejs/models/Image_7.png' and '/Users/diegemiere/Documents/Sites/Threejs/models/Image_7.png' are the same file
				texture type:  diffuseTexture, mapped using: "UVMap"
		Custom split normals with tangents being used
		num positions      :  66
		num normals        :  66
		num tangents       :  264
		num uvs            :  132
		num uvs2           :  0
		num colors         :  0
		num triangles      :  32
	processing begun of mesh:  MAXI_EDXTRA#1.001_Mesh_31.003
		processing begun of material:  Color_H06.003
		Custom split normals with tangents being used
		num positions      :  24
		num normals        :  24
		num tangents       :  96
		num uvs            :  48
		num uvs2           :  0
		num colors         :  0
		num triangles      :  12
========= Writing of JSON file started =========
	writing mesh:  MIN#5.001_Mesh_16.003
	writing mesh:  MAXI_EDXTRA#1.001_Mesh_31.003
========= Writing of JSON file completed =========
========= end of processing =========
elapsed time:  0 min, 0.0089 secs
